<?xml version="1.0" encoding="UTF-8"?>
<!-- Generated by org.testng.reporters.JUnitReportReporter -->
<testsuite hostname="DESKTOP-NVASLPQ" failures="0" tests="1" name="com.crm.Autodesk.OrgTest.CreateOrgwithIndustryandTypeScript" time="40.146" errors="0" timestamp="2021-12-29T14:36:09 IST" skipped="0">
  <testcase classname="com.crm.Autodesk.OrgTest.CreateOrgwithIndustryandTypeScript" name="createOrgwithIndustryandTypeScriptTest" time="40.146"/>
  <system-out/>
</testsuite> <!-- com.crm.Autodesk.OrgTest.CreateOrgwithIndustryandTypeScript -->
