<?xml version="1.0" encoding="UTF-8"?>
<!-- Generated by org.testng.reporters.JUnitReportReporter -->
<testsuite hostname="DESKTOP-NVASLPQ" failures="0" tests="1" name="com.crm.Autodesk.ContactTest.CreateContactwithOrgTest" time="61.679" errors="0" timestamp="2021-12-29T14:45:56 IST" skipped="0">
  <testcase classname="com.crm.Autodesk.ContactTest.CreateContactwithOrgTest" name="createContactwithOrgTest" time="61.679"/>
  <system-out/>
</testsuite> <!-- com.crm.Autodesk.ContactTest.CreateContactwithOrgTest -->
