<?xml version="1.0" encoding="UTF-8"?>
<!-- Generated by org.testng.reporters.JUnitReportReporter -->
<testsuite hostname="DESKTOP-NVASLPQ" failures="0" tests="1" name="com.crm.Autodesk.ContactTest.CreateContactTest" time="91.993" errors="0" timestamp="2021-12-29T14:27:44 IST" skipped="0">
  <testcase classname="com.crm.Autodesk.ContactTest.CreateContactTest" name="createContactTest" time="91.993"/>
  <system-out/>
</testsuite> <!-- com.crm.Autodesk.ContactTest.CreateContactTest -->
