<?xml version="1.0" encoding="UTF-8"?>
<!-- Generated by org.testng.reporters.JUnitReportReporter -->
<testsuite hostname="DESKTOP-NVASLPQ" failures="0" tests="1" name="com.crm.Autodesk.OrgTest.CreateOrgTest" time="37.549" errors="0" timestamp="2021-12-29T14:38:00 IST" skipped="0">
  <testcase classname="com.crm.Autodesk.OrgTest.CreateOrgTest" name="createOrgTest" time="37.549"/>
  <system-out/>
</testsuite> <!-- com.crm.Autodesk.OrgTest.CreateOrgTest -->
